<?xml version="1.0" encoding="UTF-8"?>
<!-- Generated by org.testng.reporters.JUnitXMLReporter -->
<testsuite ignored="0" hostname="Achu" failures="3" tests="31" name="Test" time="208.413" errors="0" timestamp="2023-10-26T17:47:45 BST">
  <testcase classname="testCases.CaAddAccountTest" name="createAccount" time="8.34"/>
  <testcase classname="testCases.CaAddAccountTest" name="createAccExistEmail" time="22.934"/>
  <testcase classname="testCases.CaAddAccountTest" name="createAccInvalid" time="8.75"/>
  <testcase classname="testCases.CaAddAccountTest" name="createAccEmpty" time="8.412"/>
  <testcase classname="testCases.CaAddAccountTest" name="createAccMandatoryFields" time="9.892"/>
  <testcase classname="testCases.CaLoginTest" name="LoginFormValid" time="6.396"/>
  <testcase classname="testCases.CaLoginTest" name="InvalidloginInfo" time="5.737"/>
  <testcase classname="testCases.CaLoginTest" name="emptylogin" time="3.959"/>
  <testcase classname="testCases.CaLoginTest" name="ValiduserInvalidpass" time="4.867"/>
  <testcase classname="testCases.CaLoginTest" name="Invaliduservalidpass" time="4.324"/>
  <testcase classname="testCases.CaLoginTest" name="InactiveUsernameAndPassowrd" time="5.518"/>
  <testcase classname="testCases.CaLoginTest" name="loginAndBackTest" time="6.64">
    <failure type="java.lang.AssertionError" message="The following asserts failed:
	URL Mismatch expected [https://capital-analytical.myshopify.com/account/login] but found [https://capital-analytical.myshopify.com/account?analytics_trace_id=74371087-e5bf-4c35-a7ca-5f5351b67afc]">
      <![CDATA[java.lang.AssertionError: The following asserts failed:
URL Mismatch expected [https://capital-analytical.myshopify.com/account/login] but found [https://capital-analytical.myshopify.com/account?analytics_trace_id=74371087-e5bf-4c35-a7ca-5f5351b67afc]
at pages.CaLoginPage.loginAndBack(CaLoginPage.java:176)
at testCases.CaLoginTest.loginAndBackTest(CaLoginTest.java:74)
at java.base/java.util.ArrayList.forEach(ArrayList.java:1511)
... Removed 29 stack frames]]>
    </failure>
  </testcase> <!-- loginAndBackTest -->
  <testcase classname="testCases.CaAddressTest" name="Login" time="5.753"/>
  <testcase classname="testCases.CaAddressTest" name="AddressPage" time="6.198"/>
  <testcase classname="testCases.CaAddressTest" name="AddEmptyAddress" time="4.331"/>
  <testcase classname="testCases.CaAddressTest" name="CancelButton" time="5.813">
    <failure type="java.lang.AssertionError" message="The following asserts failed:
	Message Mismatch expected [] but found [Add a new address]">
      <![CDATA[java.lang.AssertionError: The following asserts failed:
Message Mismatch expected [] but found [Add a new address]
at pages.CaAddressPage.clickCancelBtn(CaAddressPage.java:135)
at testCases.CaAddressTest.CancelButton(CaAddressTest.java:48)
at java.base/java.util.ArrayList.forEach(ArrayList.java:1511)
... Removed 29 stack frames]]>
    </failure>
  </testcase> <!-- CancelButton -->
  <testcase classname="testCases.CaAddressTest" name="EditAddress" time="10.505"/>
  <testcase classname="testCases.CaAddressTest" name="DeleteAddress" time="8.275"/>
  <testcase classname="testCases.CaResetPasswordTest" name="restPasswordCorrectDetail" time="7.443">
    <failure type="java.lang.AssertionError" message="The following asserts failed:
	URL Mismatched expected [https://capital-analytical.myshopify.com/account/login] but found [https://capital-analytical.myshopify.com/account/login#recover]">
      <![CDATA[java.lang.AssertionError: The following asserts failed:
URL Mismatched expected [https://capital-analytical.myshopify.com/account/login] but found [https://capital-analytical.myshopify.com/account/login#recover]
at pages.CaResetPasswordPage.resetpassword(CaResetPasswordPage.java:59)
at testCases.CaResetPasswordTest.restPasswordCorrectDetail(CaResetPasswordTest.java:26)
at java.base/java.util.ArrayList.forEach(ArrayList.java:1511)
... Removed 29 stack frames]]>
    </failure>
  </testcase> <!-- restPasswordCorrectDetail -->
  <testcase classname="testCases.CaResetPasswordTest" name="resetPasswordEmptyField" time="2.055"/>
  <testcase classname="testCases.CaResetPasswordTest" name="resetPasswordInvalid" time="3.834"/>
  <testcase classname="testCases.CaResetPasswordTest" name="resetPasswordCancelLink" time="3.051"/>
  <testcase classname="testCases.CaResetPasswordTest" name="resetPassInvalidEmailFor" time="0.959"/>
  <testcase classname="testCases.CaSearchProductTest" name="Login" time="5.909"/>
  <testcase classname="testCases.CaSearchProductTest" name="SearchProduct" time="6.02"/>
  <testcase classname="testCases.CaSearchProductTest" name="VerifySearchedProduct" time="2.042"/>
  <testcase classname="testCases.CaSearchProductTest" name="FindProductFromDropdown" time="3.55"/>
  <testcase classname="testCases.CaSearchProductTest" name="VerifyProductListedFromDropdown" time="2.041"/>
  <testcase classname="testCases.CaSearchProductTest" name="SearchProductWithPartialName" time="5.43"/>
  <testcase classname="testCases.CaSearchProductTest" name="SearchProductWithInvalidName" time="6.2"/>
  <testcase classname="testCases.CaSearchProductTest" name="VerifyProductSearchWithInvalidName" time="2.066"/>
</testsuite> <!-- Test -->
